<?xml version="1.0" encoding="UTF-8"?>
<coverage generated="1557158939020" clover="3.2.0">
  <project timestamp="1557158939020" name="All files">
    <metrics statements="63" coveredstatements="55" conditionals="71" coveredconditionals="49" methods="18" coveredmethods="14" elements="152" coveredelements="118" complexity="0" loc="63" ncloc="63" packages="1" files="1" classes="1"/>
    <file name="DateTimeSelector.js" path="C:\Users\Administrator\git\ReactJs DateTimePicker\js src\DateTimeSelector.js">
      <metrics statements="63" coveredstatements="55" conditionals="71" coveredconditionals="49" methods="18" coveredmethods="14"/>
      <line num="7" count="2" type="stmt"/>
      <line num="8" count="2" type="stmt"/>
      <line num="9" count="2" type="stmt"/>
      <line num="10" count="2" type="stmt"/>
      <line num="11" count="2" type="stmt"/>
      <line num="12" count="2" type="stmt"/>
      <line num="13" count="2" type="stmt"/>
      <line num="14" count="2" type="stmt"/>
      <line num="21" count="2" type="stmt"/>
      <line num="22" count="2" type="cond" truecount="3" falsecount="1"/>
      <line num="23" count="0" type="stmt"/>
      <line num="25" count="2" type="cond" truecount="1" falsecount="1"/>
      <line num="26" count="2" type="stmt"/>
      <line num="29" count="0" type="stmt"/>
      <line num="34" count="1903" type="stmt"/>
      <line num="44" count="1901" type="cond" truecount="1" falsecount="1"/>
      <line num="46" count="1901" type="stmt"/>
      <line num="47" count="1901" type="stmt"/>
      <line num="51" count="1900" type="stmt"/>
      <line num="54" count="2" type="stmt"/>
      <line num="55" count="8" type="stmt"/>
      <line num="56" count="8" type="cond" truecount="1" falsecount="1"/>
      <line num="57" count="8" type="stmt"/>
      <line num="58" count="8" type="stmt"/>
      <line num="64" count="2" type="stmt"/>
      <line num="65" count="0" type="stmt"/>
      <line num="66" count="0" type="cond" truecount="0" falsecount="6"/>
      <line num="68" count="0" type="cond" truecount="0" falsecount="7"/>
      <line num="71" count="0" type="stmt"/>
      <line num="74" count="2" type="stmt"/>
      <line num="75" count="8" type="cond" truecount="4" falsecount="0"/>
      <line num="76" count="6" type="stmt"/>
      <line num="78" count="2" type="cond" truecount="3" falsecount="1"/>
      <line num="79" count="2" type="stmt"/>
      <line num="81" count="8" type="stmt"/>
      <line num="82" count="8" type="stmt"/>
      <line num="86" count="2" type="stmt"/>
      <line num="87" count="0" type="stmt"/>
      <line num="89" count="2" type="stmt"/>
      <line num="90" count="2368" type="stmt"/>
      <line num="91" count="2368" type="cond" truecount="3" falsecount="1"/>
      <line num="92" count="2368" type="stmt"/>
      <line num="93" count="2368" type="cond" truecount="5" falsecount="1"/>
      <line num="94" count="2368" type="cond" truecount="6" falsecount="0"/>
      <line num="95" count="2368" type="cond" truecount="2" falsecount="0"/>
      <line num="96" count="1883" type="stmt"/>
      <line num="97" count="1883" type="stmt"/>
      <line num="104" count="2376" type="cond" truecount="2" falsecount="0"/>
      <line num="105" count="2376" type="cond" truecount="2" falsecount="0"/>
      <line num="106" count="372" type="cond" truecount="2" falsecount="0"/>
      <line num="107" count="372" type="cond" truecount="4" falsecount="0"/>
      <line num="108" count="280" type="cond" truecount="4" falsecount="0"/>
      <line num="110" count="2004" type="cond" truecount="1" falsecount="1"/>
      <line num="111" count="2004" type="cond" truecount="1" falsecount="1"/>
      <line num="113" count="2376" type="stmt"/>
      <line num="116" count="2" type="stmt"/>
      <line num="117" count="4" type="stmt"/>
      <line num="118" count="4" type="stmt"/>
      <line num="122" count="1903" type="stmt"/>
      <line num="124" count="0" type="stmt"/>
      <line num="126" count="7612" type="cond" truecount="2" falsecount="0"/>
      <line num="128" count="3806" type="stmt"/>
      <line num="139" count="1" type="cond" truecount="2" falsecount="0"/>
    </file>
  </project>
</coverage>
