{"C:\\Users\\Administrator\\git\\ReactJs DateTimePicker\\js src\\DateTimeSelector.js": {"path":"C:\\Users\\Administrator\\git\\ReactJs DateTimePicker\\js src\\DateTimeSelector.js","statementMap":{"0":{"start":{"line":7,"column":2},"end":{"line":7,"column":15}},"1":{"start":{"line":8,"column":2},"end":{"line":8,"column":27}},"2":{"start":{"line":9,"column":2},"end":{"line":9,"column":23}},"3":{"start":{"line":10,"column":2},"end":{"line":10,"column":20}},"4":{"start":{"line":11,"column":2},"end":{"line":11,"column":58}},"5":{"start":{"line":12,"column":2},"end":{"line":12,"column":48}},"6":{"start":{"line":13,"column":2},"end":{"line":13,"column":19}},"7":{"start":{"line":14,"column":2},"end":{"line":14,"column":20}},"8":{"start":{"line":21,"column":19},"end":{"line":21,"column":79}},"9":{"start":{"line":22,"column":2},"end":{"line":30,"column":3}},"10":{"start":{"line":23,"column":3},"end":{"line":23,"column":100}},"11":{"start":{"line":25,"column":7},"end":{"line":30,"column":3}},"12":{"start":{"line":26,"column":3},"end":{"line":26,"column":42}},"13":{"start":{"line":29,"column":3},"end":{"line":29,"column":97}},"14":{"start":{"line":34,"column":2},"end":{"line":40,"column":3}},"15":{"start":{"line":44,"column":2},"end":{"line":48,"column":3}},"16":{"start":{"line":44,"column":38},"end":{"line":44,"column":65}},"17":{"start":{"line":46,"column":3},"end":{"line":46,"column":30}},"18":{"start":{"line":47,"column":3},"end":{"line":47,"column":35}},"19":{"start":{"line":51,"column":2},"end":{"line":51,"column":151}},"20":{"start":{"line":54,"column":14},"end":{"line":60,"column":2}},"21":{"start":{"line":55,"column":12},"end":{"line":55,"column":14}},"22":{"start":{"line":56,"column":2},"end":{"line":59,"column":3}},"23":{"start":{"line":57,"column":3},"end":{"line":57,"column":40}},"24":{"start":{"line":58,"column":3},"end":{"line":58,"column":43}},"25":{"start":{"line":64,"column":19},"end":{"line":72,"column":2}},"26":{"start":{"line":65,"column":2},"end":{"line":65,"column":25}},"27":{"start":{"line":66,"column":2},"end":{"line":71,"column":26}},"28":{"start":{"line":68,"column":7},"end":{"line":71,"column":26}},"29":{"start":{"line":71,"column":7},"end":{"line":71,"column":26}},"30":{"start":{"line":74,"column":8},"end":{"line":84,"column":2}},"31":{"start":{"line":75,"column":2},"end":{"line":80,"column":3}},"32":{"start":{"line":76,"column":3},"end":{"line":76,"column":90}},"33":{"start":{"line":78,"column":7},"end":{"line":80,"column":3}},"34":{"start":{"line":79,"column":3},"end":{"line":79,"column":90}},"35":{"start":{"line":81,"column":2},"end":{"line":81,"column":20}},"36":{"start":{"line":82,"column":2},"end":{"line":82,"column":42}},"37":{"start":{"line":86,"column":22},"end":{"line":88,"column":2}},"38":{"start":{"line":87,"column":2},"end":{"line":87,"column":21}},"39":{"start":{"line":89,"column":22},"end":{"line":101,"column":2}},"40":{"start":{"line":90,"column":2},"end":{"line":90,"column":21}},"41":{"start":{"line":91,"column":2},"end":{"line":100,"column":3}},"42":{"start":{"line":92,"column":10},"end":{"line":92,"column":23}},"43":{"start":{"line":93,"column":3},"end":{"line":99,"column":4}},"44":{"start":{"line":94,"column":10},"end":{"line":94,"column":186}},"45":{"start":{"line":95,"column":4},"end":{"line":98,"column":5}},"46":{"start":{"line":96,"column":5},"end":{"line":96,"column":29}},"47":{"start":{"line":97,"column":5},"end":{"line":97,"column":45}},"48":{"start":{"line":104,"column":2},"end":{"line":104,"column":34}},"49":{"start":{"line":104,"column":24},"end":{"line":104,"column":34}},"50":{"start":{"line":105,"column":2},"end":{"line":112,"column":3}},"51":{"start":{"line":106,"column":3},"end":{"line":106,"column":52}},"52":{"start":{"line":106,"column":29},"end":{"line":106,"column":52}},"53":{"start":{"line":107,"column":3},"end":{"line":108,"column":56}},"54":{"start":{"line":107,"column":41},"end":{"line":107,"column":52}},"55":{"start":{"line":108,"column":8},"end":{"line":108,"column":56}},"56":{"start":{"line":108,"column":45},"end":{"line":108,"column":56}},"57":{"start":{"line":110,"column":7},"end":{"line":112,"column":3}},"58":{"start":{"line":111,"column":3},"end":{"line":111,"column":51}},"59":{"start":{"line":111,"column":28},"end":{"line":111,"column":51}},"60":{"start":{"line":113,"column":2},"end":{"line":113,"column":15}},"61":{"start":{"line":116,"column":9},"end":{"line":119,"column":2}},"62":{"start":{"line":117,"column":2},"end":{"line":117,"column":28}},"63":{"start":{"line":118,"column":2},"end":{"line":118,"column":19}},"64":{"start":{"line":122,"column":2},"end":{"line":135,"column":3}},"65":{"start":{"line":124,"column":154},"end":{"line":124,"column":174}},"66":{"start":{"line":126,"column":34},"end":{"line":126,"column":288}},"67":{"start":{"line":128,"column":30},"end":{"line":128,"column":180}},"68":{"start":{"line":128,"column":83},"end":{"line":128,"column":111}},"69":{"start":{"line":128,"column":127},"end":{"line":128,"column":155}},"70":{"start":{"line":139,"column":0},"end":{"line":139,"column":137}}},"fnMap":{"0":{"name":"(anonymous_0)","decl":{"start":{"line":6,"column":1},"end":{"line":6,"column":2}},"loc":{"start":{"line":6,"column":19},"end":{"line":15,"column":2}},"line":6},"1":{"name":"(anonymous_1)","decl":{"start":{"line":20,"column":1},"end":{"line":20,"column":2}},"loc":{"start":{"line":20,"column":13},"end":{"line":31,"column":2}},"line":20},"2":{"name":"(anonymous_2)","decl":{"start":{"line":33,"column":1},"end":{"line":33,"column":2}},"loc":{"start":{"line":33,"column":23},"end":{"line":41,"column":2}},"line":33},"3":{"name":"(anonymous_3)","decl":{"start":{"line":43,"column":1},"end":{"line":43,"column":2}},"loc":{"start":{"line":43,"column":22},"end":{"line":49,"column":2}},"line":43},"4":{"name":"(anonymous_4)","decl":{"start":{"line":50,"column":1},"end":{"line":50,"column":2}},"loc":{"start":{"line":50,"column":14},"end":{"line":52,"column":2}},"line":50},"5":{"name":"(anonymous_5)","decl":{"start":{"line":54,"column":14},"end":{"line":54,"column":15}},"loc":{"start":{"line":54,"column":19},"end":{"line":60,"column":2}},"line":54},"6":{"name":"(anonymous_6)","decl":{"start":{"line":64,"column":19},"end":{"line":64,"column":20}},"loc":{"start":{"line":64,"column":24},"end":{"line":72,"column":2}},"line":64},"7":{"name":"(anonymous_7)","decl":{"start":{"line":74,"column":8},"end":{"line":74,"column":9}},"loc":{"start":{"line":74,"column":13},"end":{"line":84,"column":2}},"line":74},"8":{"name":"(anonymous_8)","decl":{"start":{"line":86,"column":22},"end":{"line":86,"column":23}},"loc":{"start":{"line":86,"column":27},"end":{"line":88,"column":2}},"line":86},"9":{"name":"(anonymous_9)","decl":{"start":{"line":89,"column":22},"end":{"line":89,"column":23}},"loc":{"start":{"line":89,"column":27},"end":{"line":101,"column":2}},"line":89},"10":{"name":"(anonymous_10)","decl":{"start":{"line":103,"column":1},"end":{"line":103,"column":2}},"loc":{"start":{"line":103,"column":25},"end":{"line":114,"column":2}},"line":103},"11":{"name":"(anonymous_11)","decl":{"start":{"line":116,"column":9},"end":{"line":116,"column":10}},"loc":{"start":{"line":116,"column":14},"end":{"line":119,"column":2}},"line":116},"12":{"name":"(anonymous_12)","decl":{"start":{"line":121,"column":1},"end":{"line":121,"column":2}},"loc":{"start":{"line":121,"column":9},"end":{"line":136,"column":2}},"line":121},"13":{"name":"(anonymous_13)","decl":{"start":{"line":124,"column":149},"end":{"line":124,"column":150}},"loc":{"start":{"line":124,"column":154},"end":{"line":124,"column":174}},"line":124},"14":{"name":"(anonymous_14)","decl":{"start":{"line":126,"column":25},"end":{"line":126,"column":26}},"loc":{"start":{"line":126,"column":34},"end":{"line":126,"column":288}},"line":126},"15":{"name":"(anonymous_15)","decl":{"start":{"line":128,"column":22},"end":{"line":128,"column":23}},"loc":{"start":{"line":128,"column":30},"end":{"line":128,"column":180}},"line":128},"16":{"name":"(anonymous_16)","decl":{"start":{"line":128,"column":78},"end":{"line":128,"column":79}},"loc":{"start":{"line":128,"column":83},"end":{"line":128,"column":111}},"line":128},"17":{"name":"(anonymous_17)","decl":{"start":{"line":128,"column":122},"end":{"line":128,"column":123}},"loc":{"start":{"line":128,"column":127},"end":{"line":128,"column":155}},"line":128}},"branchMap":{"0":{"loc":{"start":{"line":22,"column":2},"end":{"line":30,"column":3}},"type":"if","locations":[{"start":{"line":22,"column":2},"end":{"line":30,"column":3}},{"start":{"line":22,"column":2},"end":{"line":30,"column":3}}],"line":22},"1":{"loc":{"start":{"line":22,"column":5},"end":{"line":22,"column":52}},"type":"binary-expr","locations":[{"start":{"line":22,"column":5},"end":{"line":22,"column":22}},{"start":{"line":22,"column":24},"end":{"line":22,"column":52}}],"line":22},"2":{"loc":{"start":{"line":25,"column":7},"end":{"line":30,"column":3}},"type":"if","locations":[{"start":{"line":25,"column":7},"end":{"line":30,"column":3}},{"start":{"line":25,"column":7},"end":{"line":30,"column":3}}],"line":25},"3":{"loc":{"start":{"line":44,"column":2},"end":{"line":48,"column":3}},"type":"if","locations":[{"start":{"line":44,"column":2},"end":{"line":48,"column":3}},{"start":{"line":44,"column":2},"end":{"line":48,"column":3}}],"line":44},"4":{"loc":{"start":{"line":56,"column":2},"end":{"line":59,"column":3}},"type":"if","locations":[{"start":{"line":56,"column":2},"end":{"line":59,"column":3}},{"start":{"line":56,"column":2},"end":{"line":59,"column":3}}],"line":56},"5":{"loc":{"start":{"line":66,"column":2},"end":{"line":71,"column":26}},"type":"if","locations":[{"start":{"line":66,"column":2},"end":{"line":71,"column":26}},{"start":{"line":66,"column":2},"end":{"line":71,"column":26}}],"line":66},"6":{"loc":{"start":{"line":66,"column":5},"end":{"line":66,"column":68}},"type":"binary-expr","locations":[{"start":{"line":66,"column":6},"end":{"line":66,"column":19}},{"start":{"line":66,"column":21},"end":{"line":66,"column":34}},{"start":{"line":66,"column":38},"end":{"line":66,"column":51}},{"start":{"line":66,"column":53},"end":{"line":66,"column":67}}],"line":66},"7":{"loc":{"start":{"line":68,"column":7},"end":{"line":71,"column":26}},"type":"if","locations":[{"start":{"line":68,"column":7},"end":{"line":71,"column":26}},{"start":{"line":68,"column":7},"end":{"line":71,"column":26}}],"line":68},"8":{"loc":{"start":{"line":68,"column":10},"end":{"line":68,"column":87}},"type":"binary-expr","locations":[{"start":{"line":68,"column":10},"end":{"line":68,"column":24}},{"start":{"line":68,"column":26},"end":{"line":68,"column":40}},{"start":{"line":68,"column":42},"end":{"line":68,"column":56}},{"start":{"line":68,"column":58},"end":{"line":68,"column":72}},{"start":{"line":68,"column":74},"end":{"line":68,"column":87}}],"line":68},"9":{"loc":{"start":{"line":75,"column":2},"end":{"line":80,"column":3}},"type":"if","locations":[{"start":{"line":75,"column":2},"end":{"line":80,"column":3}},{"start":{"line":75,"column":2},"end":{"line":80,"column":3}}],"line":75},"10":{"loc":{"start":{"line":75,"column":5},"end":{"line":75,"column":57}},"type":"binary-expr","locations":[{"start":{"line":75,"column":5},"end":{"line":75,"column":32}},{"start":{"line":75,"column":34},"end":{"line":75,"column":57}}],"line":75},"11":{"loc":{"start":{"line":78,"column":7},"end":{"line":80,"column":3}},"type":"if","locations":[{"start":{"line":78,"column":7},"end":{"line":80,"column":3}},{"start":{"line":78,"column":7},"end":{"line":80,"column":3}}],"line":78},"12":{"loc":{"start":{"line":78,"column":10},"end":{"line":78,"column":62}},"type":"binary-expr","locations":[{"start":{"line":78,"column":10},"end":{"line":78,"column":37}},{"start":{"line":78,"column":39},"end":{"line":78,"column":62}}],"line":78},"13":{"loc":{"start":{"line":91,"column":2},"end":{"line":100,"column":3}},"type":"if","locations":[{"start":{"line":91,"column":2},"end":{"line":100,"column":3}},{"start":{"line":91,"column":2},"end":{"line":100,"column":3}}],"line":91},"14":{"loc":{"start":{"line":91,"column":5},"end":{"line":91,"column":38}},"type":"binary-expr","locations":[{"start":{"line":91,"column":5},"end":{"line":91,"column":25}},{"start":{"line":91,"column":27},"end":{"line":91,"column":38}}],"line":91},"15":{"loc":{"start":{"line":93,"column":3},"end":{"line":99,"column":4}},"type":"if","locations":[{"start":{"line":93,"column":3},"end":{"line":99,"column":4}},{"start":{"line":93,"column":3},"end":{"line":99,"column":4}}],"line":93},"16":{"loc":{"start":{"line":93,"column":6},"end":{"line":93,"column":67}},"type":"binary-expr","locations":[{"start":{"line":93,"column":6},"end":{"line":93,"column":17}},{"start":{"line":93,"column":19},"end":{"line":93,"column":32}},{"start":{"line":93,"column":34},"end":{"line":93,"column":47}},{"start":{"line":93,"column":49},"end":{"line":93,"column":67}}],"line":93},"17":{"loc":{"start":{"line":94,"column":67},"end":{"line":94,"column":172}},"type":"cond-expr","locations":[{"start":{"line":94,"column":97},"end":{"line":94,"column":130}},{"start":{"line":94,"column":132},"end":{"line":94,"column":172}}],"line":94},"18":{"loc":{"start":{"line":94,"column":97},"end":{"line":94,"column":130}},"type":"cond-expr","locations":[{"start":{"line":94,"column":127},"end":{"line":94,"column":128}},{"start":{"line":94,"column":129},"end":{"line":94,"column":130}}],"line":94},"19":{"loc":{"start":{"line":94,"column":132},"end":{"line":94,"column":172}},"type":"cond-expr","locations":[{"start":{"line":94,"column":168},"end":{"line":94,"column":169}},{"start":{"line":94,"column":170},"end":{"line":94,"column":172}}],"line":94},"20":{"loc":{"start":{"line":95,"column":4},"end":{"line":98,"column":5}},"type":"if","locations":[{"start":{"line":95,"column":4},"end":{"line":98,"column":5}},{"start":{"line":95,"column":4},"end":{"line":98,"column":5}}],"line":95},"21":{"loc":{"start":{"line":104,"column":2},"end":{"line":104,"column":34}},"type":"if","locations":[{"start":{"line":104,"column":2},"end":{"line":104,"column":34}},{"start":{"line":104,"column":2},"end":{"line":104,"column":34}}],"line":104},"22":{"loc":{"start":{"line":105,"column":2},"end":{"line":112,"column":3}},"type":"if","locations":[{"start":{"line":105,"column":2},"end":{"line":112,"column":3}},{"start":{"line":105,"column":2},"end":{"line":112,"column":3}}],"line":105},"23":{"loc":{"start":{"line":106,"column":3},"end":{"line":106,"column":52}},"type":"if","locations":[{"start":{"line":106,"column":3},"end":{"line":106,"column":52}},{"start":{"line":106,"column":3},"end":{"line":106,"column":52}}],"line":106},"24":{"loc":{"start":{"line":107,"column":3},"end":{"line":108,"column":56}},"type":"if","locations":[{"start":{"line":107,"column":3},"end":{"line":108,"column":56}},{"start":{"line":107,"column":3},"end":{"line":108,"column":56}}],"line":107},"25":{"loc":{"start":{"line":107,"column":6},"end":{"line":107,"column":37}},"type":"binary-expr","locations":[{"start":{"line":107,"column":6},"end":{"line":107,"column":17}},{"start":{"line":107,"column":19},"end":{"line":107,"column":37}}],"line":107},"26":{"loc":{"start":{"line":108,"column":8},"end":{"line":108,"column":56}},"type":"if","locations":[{"start":{"line":108,"column":8},"end":{"line":108,"column":56}},{"start":{"line":108,"column":8},"end":{"line":108,"column":56}}],"line":108},"27":{"loc":{"start":{"line":108,"column":11},"end":{"line":108,"column":42}},"type":"binary-expr","locations":[{"start":{"line":108,"column":11},"end":{"line":108,"column":22}},{"start":{"line":108,"column":24},"end":{"line":108,"column":42}}],"line":108},"28":{"loc":{"start":{"line":110,"column":7},"end":{"line":112,"column":3}},"type":"if","locations":[{"start":{"line":110,"column":7},"end":{"line":112,"column":3}},{"start":{"line":110,"column":7},"end":{"line":112,"column":3}}],"line":110},"29":{"loc":{"start":{"line":111,"column":3},"end":{"line":111,"column":51}},"type":"if","locations":[{"start":{"line":111,"column":3},"end":{"line":111,"column":51}},{"start":{"line":111,"column":3},"end":{"line":111,"column":51}}],"line":111},"30":{"loc":{"start":{"line":126,"column":107},"end":{"line":126,"column":131}},"type":"cond-expr","locations":[{"start":{"line":126,"column":121},"end":{"line":126,"column":128}},{"start":{"line":126,"column":129},"end":{"line":126,"column":131}}],"line":126},"31":{"loc":{"start":{"line":139,"column":69},"end":{"line":139,"column":135}},"type":"binary-expr","locations":[{"start":{"line":139,"column":69},"end":{"line":139,"column":104}},{"start":{"line":139,"column":106},"end":{"line":139,"column":135}}],"line":139}},"s":{"0":2,"1":2,"2":2,"3":2,"4":2,"5":2,"6":2,"7":2,"8":2,"9":2,"10":0,"11":2,"12":2,"13":0,"14":1903,"15":1901,"16":0,"17":1901,"18":1901,"19":1900,"20":2,"21":8,"22":8,"23":8,"24":8,"25":2,"26":0,"27":0,"28":0,"29":0,"30":2,"31":8,"32":6,"33":2,"34":2,"35":8,"36":8,"37":2,"38":0,"39":2,"40":2368,"41":2368,"42":2368,"43":2368,"44":2368,"45":2368,"46":1883,"47":1883,"48":2376,"49":4,"50":2376,"51":372,"52":3,"53":372,"54":92,"55":280,"56":55,"57":2004,"58":2004,"59":0,"60":2376,"61":2,"62":4,"63":4,"64":1903,"65":0,"66":7612,"67":3806,"68":0,"69":2368,"70":1},"f":{"0":2,"1":2,"2":1903,"3":1901,"4":1900,"5":8,"6":0,"7":8,"8":0,"9":2368,"10":2376,"11":4,"12":1903,"13":0,"14":7612,"15":3806,"16":0,"17":2368},"b":{"0":[0,2],"1":[2,2],"2":[2,0],"3":[0,1901],"4":[8,0],"5":[0,0],"6":[0,0,0,0],"7":[0,0],"8":[0,0,0,0,0],"9":[6,2],"10":[8,6],"11":[2,0],"12":[2,2],"13":[2368,0],"14":[2368,2368],"15":[2368,0],"16":[2368,2246,2124,2002],"17":[1184,1184],"18":[301,883],"19":[40,1144],"20":[1883,485],"21":[4,2372],"22":[372,2004],"23":[3,369],"24":[92,280],"25":[372,248],"26":[55,225],"27":[280,124],"28":[2004,0],"29":[0,2004],"30":[1903,5709],"31":[1,1]},"_coverageSchema":"43e27e138ebf9cfc5966b082cf9a028302ed4184","hash":"aead3eb106d1ee76eb23e528a6080c8f90429f90"}
}
