TN:
SF:C:\Users\Administrator\git\ReactJs DateTimePicker\js src\DateTimeSelector.js
FN:6,(anonymous_0)
FN:20,(anonymous_1)
FN:33,(anonymous_2)
FN:43,(anonymous_3)
FN:50,(anonymous_4)
FN:54,(anonymous_5)
FN:64,(anonymous_6)
FN:74,(anonymous_7)
FN:86,(anonymous_8)
FN:89,(anonymous_9)
FN:103,(anonymous_10)
FN:116,(anonymous_11)
FN:121,(anonymous_12)
FN:124,(anonymous_13)
FN:126,(anonymous_14)
FN:128,(anonymous_15)
FN:128,(anonymous_16)
FN:128,(anonymous_17)
FNF:18
FNH:14
FNDA:2,(anonymous_0)
FNDA:2,(anonymous_1)
FNDA:1903,(anonymous_2)
FNDA:1901,(anonymous_3)
FNDA:1900,(anonymous_4)
FNDA:8,(anonymous_5)
FNDA:0,(anonymous_6)
FNDA:8,(anonymous_7)
FNDA:0,(anonymous_8)
FNDA:2368,(anonymous_9)
FNDA:2376,(anonymous_10)
FNDA:4,(anonymous_11)
FNDA:1903,(anonymous_12)
FNDA:0,(anonymous_13)
FNDA:7612,(anonymous_14)
FNDA:3806,(anonymous_15)
FNDA:0,(anonymous_16)
FNDA:2368,(anonymous_17)
DA:7,2
DA:8,2
DA:9,2
DA:10,2
DA:11,2
DA:12,2
DA:13,2
DA:14,2
DA:21,2
DA:22,2
DA:23,0
DA:25,2
DA:26,2
DA:29,0
DA:34,1903
DA:44,1901
DA:46,1901
DA:47,1901
DA:51,1900
DA:54,2
DA:55,8
DA:56,8
DA:57,8
DA:58,8
DA:64,2
DA:65,0
DA:66,0
DA:68,0
DA:71,0
DA:74,2
DA:75,8
DA:76,6
DA:78,2
DA:79,2
DA:81,8
DA:82,8
DA:86,2
DA:87,0
DA:89,2
DA:90,2368
DA:91,2368
DA:92,2368
DA:93,2368
DA:94,2368
DA:95,2368
DA:96,1883
DA:97,1883
DA:104,2376
DA:105,2376
DA:106,372
DA:107,372
DA:108,280
DA:110,2004
DA:111,2004
DA:113,2376
DA:116,2
DA:117,4
DA:118,4
DA:122,1903
DA:124,0
DA:126,7612
DA:128,3806
DA:139,1
LF:63
LH:55
BRDA:22,0,0,0
BRDA:22,0,1,2
BRDA:22,1,0,2
BRDA:22,1,1,2
BRDA:25,2,0,2
BRDA:25,2,1,0
BRDA:44,3,0,0
BRDA:44,3,1,1901
BRDA:56,4,0,8
BRDA:56,4,1,0
BRDA:66,5,0,0
BRDA:66,5,1,0
BRDA:66,6,0,0
BRDA:66,6,1,0
BRDA:66,6,2,0
BRDA:66,6,3,0
BRDA:68,7,0,0
BRDA:68,7,1,0
BRDA:68,8,0,0
BRDA:68,8,1,0
BRDA:68,8,2,0
BRDA:68,8,3,0
BRDA:68,8,4,0
BRDA:75,9,0,6
BRDA:75,9,1,2
BRDA:75,10,0,8
BRDA:75,10,1,6
BRDA:78,11,0,2
BRDA:78,11,1,0
BRDA:78,12,0,2
BRDA:78,12,1,2
BRDA:91,13,0,2368
BRDA:91,13,1,0
BRDA:91,14,0,2368
BRDA:91,14,1,2368
BRDA:93,15,0,2368
BRDA:93,15,1,0
BRDA:93,16,0,2368
BRDA:93,16,1,2246
BRDA:93,16,2,2124
BRDA:93,16,3,2002
BRDA:94,17,0,1184
BRDA:94,17,1,1184
BRDA:94,18,0,301
BRDA:94,18,1,883
BRDA:94,19,0,40
BRDA:94,19,1,1144
BRDA:95,20,0,1883
BRDA:95,20,1,485
BRDA:104,21,0,4
BRDA:104,21,1,2372
BRDA:105,22,0,372
BRDA:105,22,1,2004
BRDA:106,23,0,3
BRDA:106,23,1,369
BRDA:107,24,0,92
BRDA:107,24,1,280
BRDA:107,25,0,372
BRDA:107,25,1,248
BRDA:108,26,0,55
BRDA:108,26,1,225
BRDA:108,27,0,280
BRDA:108,27,1,124
BRDA:110,28,0,2004
BRDA:110,28,1,0
BRDA:111,29,0,0
BRDA:111,29,1,2004
BRDA:126,30,0,1903
BRDA:126,30,1,5709
BRDA:139,31,0,1
BRDA:139,31,1,1
BRF:71
BRH:49
end_of_record
